[2023-08-06T23:45:42.977Z] info  code-server 4.12.0 1da7cda39e54faa087cf129f0f85d4d4e63e81b8
[2023-08-06T23:45:42.978Z] info  Using user-data-dir ~/.local/share/code-server
[2023-08-06T23:45:42.988Z] info  Using config file ~/.config/code-server/config.yaml
[2023-08-06T23:45:42.988Z] info  HTTP server listening on http://0.0.0.0:7007/
[2023-08-06T23:45:42.988Z] info    - Authentication is disabled
[2023-08-06T23:45:42.988Z] info    - Not serving HTTPS
[2023-08-07T21:02:39.026Z] info  code-server 4.12.0 1da7cda39e54faa087cf129f0f85d4d4e63e81b8
[2023-08-07T21:02:39.037Z] info  Using user-data-dir ~/.local/share/code-server
[2023-08-07T21:02:39.056Z] info  Using config file ~/.config/code-server/config.yaml
[2023-08-07T21:02:39.071Z] info  HTTP server listening on http://0.0.0.0:7007/
[2023-08-07T21:02:39.071Z] info    - Authentication is disabled
[2023-08-07T21:02:39.072Z] info    - Not serving HTTPS
[2023-08-07T22:46:27.402Z] info  code-server 4.12.0 1da7cda39e54faa087cf129f0f85d4d4e63e81b8
[2023-08-07T22:46:27.405Z] info  Using user-data-dir ~/.local/share/code-server
[2023-08-07T22:46:27.428Z] info  Using config file ~/.config/code-server/config.yaml
[2023-08-07T22:46:27.428Z] info  HTTP server listening on http://0.0.0.0:7007/
[2023-08-07T22:46:27.429Z] info    - Authentication is disabled
[2023-08-07T22:46:27.429Z] info    - Not serving HTTPS
[2023-08-07T23:32:24.108Z] info  code-server 4.12.0 1da7cda39e54faa087cf129f0f85d4d4e63e81b8
[2023-08-07T23:32:24.109Z] info  Using user-data-dir ~/.local/share/code-server
[2023-08-07T23:32:24.119Z] info  Using config file ~/.config/code-server/config.yaml
[2023-08-07T23:32:24.119Z] info  HTTP server listening on http://0.0.0.0:7007/
[2023-08-07T23:32:24.119Z] info    - Authentication is disabled
[2023-08-07T23:32:24.119Z] info    - Not serving HTTPS
[2023-08-07T23:50:00.673Z] info  code-server 4.12.0 1da7cda39e54faa087cf129f0f85d4d4e63e81b8
[2023-08-07T23:50:00.674Z] info  Using user-data-dir ~/.local/share/code-server
[2023-08-07T23:50:00.685Z] info  Using config file ~/.config/code-server/config.yaml
[2023-08-07T23:50:00.685Z] info  HTTP server listening on http://0.0.0.0:7007/
[2023-08-07T23:50:00.685Z] info    - Authentication is disabled
[2023-08-07T23:50:00.685Z] info    - Not serving HTTPS
